
Showing logs for build [32mcb-kubecd-bdd-gh-1568274951-pr-1[0m stage [32mmeta-pipeline[0m and container [32mstep-credential-initializer-d8mpk[0m
{"level":"warn","ts":1568275162.1725914,"logger":"fallback-logger","caller":"logging/config.go:69","msg":"Fetch GitHub commit ID from kodata failed: \"ref: refs/heads/master\" is not a valid GitHub commit ID"}
{"level":"info","ts":1568275162.173176,"logger":"fallback-logger","caller":"creds-init/main.go:40","msg":"Credentials initialized."}

Showing logs for build [32mcb-kubecd-bdd-gh-1568274951-pr-1[0m stage [32mmeta-pipeline[0m and container [32mstep-working-dir-initializer-2bz5t[0m
{"level":"warn","ts":1568275162.6262329,"logger":"fallback-logger","caller":"logging/config.go:69","msg":"Fetch GitHub commit ID from kodata failed: open /var/run/ko/HEAD: no such file or directory"}
{"level":"info","ts":1568275162.6285522,"logger":"fallback-logger","caller":"bash/main.go:65","msg":"Successfully executed command \"mkdir -p /workspace/source\""}

Showing logs for build [32mcb-kubecd-bdd-gh-1568274951-pr-1[0m stage [32mmeta-pipeline[0m and container [32mstep-place-tools[0m

Showing logs for build [32mcb-kubecd-bdd-gh-1568274951-pr-1[0m stage [32mmeta-pipeline[0m and container [32mstep-git-source-meta-cb-kubecd-bdd-gh-156827495-6mz7h[0m
{"level":"warn","ts":1568275169.7390234,"logger":"fallback-logger","caller":"logging/config.go:69","msg":"Fetch GitHub commit ID from kodata failed: \"ref: refs/heads/master\" is not a valid GitHub commit ID"}
{"level":"info","ts":1568275170.8340278,"logger":"fallback-logger","caller":"git/git.go:102","msg":"Successfully cloned https://github.com/cb-kubecd/bdd-gh-1568274951.git @ 432094a70f6809cf8cfa13afaecf5cfeffbd4c92 in path /workspace/source"}

Showing logs for build [32mcb-kubecd-bdd-gh-1568274951-pr-1[0m stage [32mmeta-pipeline[0m and container [32mstep-git-merge[0m
Using SHAs from PULL_REFS=master:432094a70f6809cf8cfa13afaecf5cfeffbd4c92,1:df70ff0e406c9766908e6a57fba9a3ccf424c44b
DEBUG: ran git fetch --unshallow origin df70ff0e406c9766908e6a57fba9a3ccf424c44b: 432094a70f6809cf8cfa13afaecf5cfeffbd4c92: in 
DEBUG: ran git checkout master in 
DEBUG: ran git reset --hard 432094a70f6809cf8cfa13afaecf5cfeffbd4c92 in 
DEBUG: ran clean --force -d . in 
DEBUG: ran git merge df70ff0e406c9766908e6a57fba9a3ccf424c44b in 
Merged SHA df70ff0e406c9766908e6a57fba9a3ccf424c44b with commit message 'My first PR commit' into base branch master

Showing logs for build [32mcb-kubecd-bdd-gh-1568274951-pr-1[0m stage [32mmeta-pipeline[0m and container [32mstep-merge-pull-refs[0m
DEBUG: ran git fetch origin df70ff0e406c9766908e6a57fba9a3ccf424c44b: 432094a70f6809cf8cfa13afaecf5cfeffbd4c92: in 
DEBUG: Unshallowed git repo in 
DEBUG: ran git checkout master in 
DEBUG: ran git reset --hard 432094a70f6809cf8cfa13afaecf5cfeffbd4c92 in 
DEBUG: ran clean --force -d . in 
DEBUG: ran git merge df70ff0e406c9766908e6a57fba9a3ccf424c44b in 
Merged SHA df70ff0e406c9766908e6a57fba9a3ccf424c44b with commit message 'My first PR commit' into base branch master

Showing logs for build [32mcb-kubecd-bdd-gh-1568274951-pr-1[0m stage [32mmeta-pipeline[0m and container [32mstep-create-effective-pipeline[0m
Deleting and cloning the Jenkins X versions repo
Cloning the Jenkins X versions repo https://github.com/jenkins-x/jenkins-x-versions.git with ref refs/heads/master to /builder/home/.**/jenkins-x-versions
Effective pipeline written to jenkins-x-serverless-jenkins-effective.yml

Showing logs for build [32mcb-kubecd-bdd-gh-1568274951-pr-1[0m stage [32mmeta-pipeline[0m and container [32mstep-create-tekton-crds[0m
PipelineActivity for cb-kubecd-bdd-gh-1568274951-PR-1-1
Applying changes 
upserted PipelineResource cb-kubecd-bdd-gh-1568274951-pr for the git repository https://github.com/cb-kubecd/bdd-gh-1568274951.git
upserted Task cb-kubecd-bdd-gh-1568274951-pr-from-build-pack-1
upserted Pipeline cb-kubecd-bdd-gh-1568274951-pr-1
created PipelineRun cb-kubecd-bdd-gh-1568274951-pr-1
created PipelineStructure cb-kubecd-bdd-gh-1568274951-pr-1

Showing logs for build [32mcb-kubecd-bdd-gh-1568274951-pr-1[0m stage [32mfrom-build-pack[0m and container [32mstep-credential-initializer-lb6g7[0m
{"level":"warn","ts":1568275183.3557036,"logger":"fallback-logger","caller":"logging/config.go:69","msg":"Fetch GitHub commit ID from kodata failed: \"ref: refs/heads/master\" is not a valid GitHub commit ID"}
{"level":"info","ts":1568275183.3562164,"logger":"fallback-logger","caller":"creds-init/main.go:40","msg":"Credentials initialized."}

Showing logs for build [32mcb-kubecd-bdd-gh-1568274951-pr-1[0m stage [32mfrom-build-pack[0m and container [32mstep-working-dir-initializer-xwrzx[0m
{"level":"warn","ts":1568275184.3861623,"logger":"fallback-logger","caller":"logging/config.go:69","msg":"Fetch GitHub commit ID from kodata failed: open /var/run/ko/HEAD: no such file or directory"}
{"level":"info","ts":1568275184.3878903,"logger":"fallback-logger","caller":"bash/main.go:65","msg":"Successfully executed command \"mkdir -p /workspace/source /workspace/source/charts/preview\""}

Showing logs for build [32mcb-kubecd-bdd-gh-1568274951-pr-1[0m stage [32mfrom-build-pack[0m and container [32mstep-place-tools[0m

Showing logs for build [32mcb-kubecd-bdd-gh-1568274951-pr-1[0m stage [32mfrom-build-pack[0m and container [32mstep-git-source-cb-kubecd-bdd-gh-1568274951-pr-zp7bf[0m
{"level":"warn","ts":1568275191.468451,"logger":"fallback-logger","caller":"logging/config.go:69","msg":"Fetch GitHub commit ID from kodata failed: \"ref: refs/heads/master\" is not a valid GitHub commit ID"}
{"level":"info","ts":1568275192.5604699,"logger":"fallback-logger","caller":"git/git.go:102","msg":"Successfully cloned https://github.com/cb-kubecd/bdd-gh-1568274951.git @ master in path /workspace/source"}

Showing logs for build [32mcb-kubecd-bdd-gh-1568274951-pr-1[0m stage [32mfrom-build-pack[0m and container [32mstep-git-merge[0m
Using SHAs from PULL_REFS=master:432094a70f6809cf8cfa13afaecf5cfeffbd4c92,1:df70ff0e406c9766908e6a57fba9a3ccf424c44b
DEBUG: ran git fetch --unshallow origin df70ff0e406c9766908e6a57fba9a3ccf424c44b: 432094a70f6809cf8cfa13afaecf5cfeffbd4c92: in 
DEBUG: ran git checkout master in 
DEBUG: ran git reset --hard 432094a70f6809cf8cfa13afaecf5cfeffbd4c92 in 
DEBUG: ran clean --force -d . in 
DEBUG: ran git merge df70ff0e406c9766908e6a57fba9a3ccf424c44b in 
Merged SHA df70ff0e406c9766908e6a57fba9a3ccf424c44b with commit message 'My first PR commit' into base branch master

Showing logs for build [32mcb-kubecd-bdd-gh-1568274951-pr-1[0m stage [32mfrom-build-pack[0m and container [32mstep-build-make-linux[0m
CGO_ENABLED=0 GOOS=linux GOARCH=amd64 GO15VENDOREXPERIMENT=1 go build -ldflags '' -o bin/bdd-gh-1568274951 main.go

Showing logs for build [32mcb-kubecd-bdd-gh-1568274951-pr-1[0m stage [32mfrom-build-pack[0m and container [32mstep-build-container-build[0m
[36mINFO[0m[0000] No base image, nothing to extract            
[36mINFO[0m[0000] cmd: EXPOSE                                  
[36mINFO[0m[0000] Adding exposed port: 8080/tcp                
[36mINFO[0m[0000] Using files from context: [/workspace/source/bin] 
[36mINFO[0m[0000] Skipping unpacking as no commands require it. 
[36mINFO[0m[0000] Taking snapshot of full filesystem...        
[36mINFO[0m[0000] EXPOSE 8080                                  
[36mINFO[0m[0000] cmd: EXPOSE                                  
[36mINFO[0m[0000] Adding exposed port: 8080/tcp                
[36mINFO[0m[0000] No files changed in this command, skipping snapshotting. 
[36mINFO[0m[0000] ENTRYPOINT ["/bdd-gh-1568274951"]            
[36mINFO[0m[0000] No files changed in this command, skipping snapshotting. 
[36mINFO[0m[0000] Using files from context: [/workspace/source/bin] 
[36mINFO[0m[0000] COPY ./bin/ /                                
[36mINFO[0m[0000] Taking snapshot of files...                  
2019/09/12 08:00:06 pushed blob: sha256:a0eeec94c9df858dce4c5db9d6273e977e9494acb0d9c4f4da8fe9c852c69525
2019/09/12 08:00:07 pushed blob: sha256:7c48eb65b3dd8668678854d4622d67105b0b0a0149d6d3abd398fc7797e2067a
2019/09/12 08:00:09 gcr.io/jenkins-x-bdd3/bdd-gh-1568274951:0.0.0-SNAPSHOT-PR-1-1: digest: sha256:d96dcf0ae78282cdb71b9795c5dedb3c205542a337825cbe60c1f5ed61964081 size: 428

Showing logs for build [32mcb-kubecd-bdd-gh-1568274951-pr-1[0m stage [32mfrom-build-pack[0m and container [32mstep-postbuild-post-build[0m
no CVE provider running in the current ** namespace so skip adding image to be analysed

Showing logs for build [32mcb-kubecd-bdd-gh-1568274951-pr-1[0m stage [32mfrom-build-pack[0m and container [32mstep-promote-make-preview[0m
sed -i -e "s/version:.*/version: 0.0.0-SNAPSHOT-PR-1-1/" Chart.yaml
sed -i -e "s/version:.*/version: 0.0.0-SNAPSHOT-PR-1-1/" ../*/Chart.yaml
sed -i -e "s|repository:.*|repository: gcr.io\/jenkins-x-bdd3\/bdd-gh-1568274951|" values.yaml
sed -i -e "s/tag:.*/tag: 0.0.0-SNAPSHOT-PR-1-1/" values.yaml
echo "  version: 0.0.0-SNAPSHOT-PR-1-1" >> requirements.yaml
** step helm build
WARNING: No $CHART_REPOSITORY defined so using the default value of: http://jenkins-x-chartmuseum:8080
Adding missing Helm repo: storage.googleapis.com https://storage.googleapis.com/chartmuseum.jenkins-x.io
Successfully added Helm repository storage.googleapis.com.
Adding missing Helm repo: jenkins-x-chartmuseum http://jenkins-x-chartmuseum:8080
Successfully added Helm repository jenkins-x-chartmuseum.
WARNING: No $CHART_REPOSITORY defined so using the default value of: http://jenkins-x-chartmuseum:8080
Adding missing Helm repo: chartmuseum.jenkins-x.io http://chartmuseum.jenkins-x.io
Successfully added Helm repository chartmuseum.jenkins-x.io.

Showing logs for build [32mcb-kubecd-bdd-gh-1568274951-pr-1[0m stage [32mfrom-build-pack[0m and container [32mstep-promote-jx-preview[0m
Creating a preview
WARNING: No author for commit: df70ff0e406c9766908e6a57fba9a3ccf424c44b
Created environment cb-kubecd-bdd-gh-1568274951-pr-1
Namespace **-cb-kubecd-bdd-gh-1568274951-pr-1 created 
expose:
  Annotations:
    helm.sh/hook: post-install,post-upgrade
    helm.sh/hook-delete-policy: hook-succeeded
  config:
    domain: 104.155.80.250.nip.io
    exposer: Ingress
    http: "true"
preview:
  image:
    repository: gcr.io/jenkins-x-bdd3/bdd-gh-1568274951
    tag: 0.0.0-SNAPSHOT-PR-1-1
Deleting and cloning the Jenkins X versions repo
Cloning the Jenkins X versions repo https://github.com/jenkins-x/jenkins-x-versions.git with ref refs/heads/master to /builder/home/.**/jenkins-x-versions


Updating PipelineActivities cb-kubecd-bdd-gh-1568274951-pr-1-1 which has status Running
Preview application is now available at: http://bdd-gh-1568274951.**-cb-kubecd-bdd-gh-1568274951-pr-1.104.155.80.250.nip.io
